<?xml version="1.0" encoding="UTF-8"?>
<testng-results skipped="0" failed="0" ignored="0" total="1" passed="1">
  <reporter-output>
  </reporter-output>
  <suite name="Default suite" duration-ms="30461" started-at="2018-05-09T04:55:21Z" finished-at="2018-05-09T04:55:51Z">
    <groups>
    </groups>
    <test name="Default test" duration-ms="30461" started-at="2018-05-09T04:55:21Z" finished-at="2018-05-09T04:55:51Z">
      <class name="com.renual.qa.test.LoginPageTest">
        <test-method status="PASS" signature="precondition()[pri:0, instance:com.renual.qa.test.LoginPageTest@4667ae56]" name="precondition" is-config="true" duration-ms="20301" started-at="2018-05-09T10:25:21Z" finished-at="2018-05-09T10:25:41Z">
          <reporter-output>
          </reporter-output>
        </test-method> <!-- precondition -->
        <test-method status="PASS" signature="loginTest()[pri:0, instance:com.renual.qa.test.LoginPageTest@4667ae56]" name="loginTest" duration-ms="10007" started-at="2018-05-09T10:25:41Z" finished-at="2018-05-09T10:25:51Z">
          <reporter-output>
          </reporter-output>
        </test-method> <!-- loginTest -->
      </class> <!-- com.renual.qa.test.LoginPageTest -->
    </test> <!-- Default test -->
  </suite> <!-- Default suite -->
</testng-results>
